{"context":"RoutesResolver","level":"info","message":"AuthController {/auth}:","timestamp":"2025-05-04T11:57:29.613Z"}
{"context":"RouterExplorer","level":"info","message":"Mapped {/auth/signup, POST} route","timestamp":"2025-05-04T11:57:29.617Z"}
{"context":"RouterExplorer","level":"info","message":"Mapped {/auth/login, POST} route","timestamp":"2025-05-04T11:57:29.619Z"}
{"context":"NestApplication","level":"info","message":"Nest application successfully started","timestamp":"2025-05-04T11:57:29.621Z"}
{"level":"info","message":"Application is running on: http://[::1]:3000","timestamp":"2025-05-04T11:57:29.624Z"}
{"context":"RoutesResolver","level":"info","message":"AuthController {/auth}:","timestamp":"2025-05-04T12:03:09.682Z"}
{"context":"RouterExplorer","level":"info","message":"Mapped {/auth/signup, POST} route","timestamp":"2025-05-04T12:03:09.687Z"}
{"context":"RouterExplorer","level":"info","message":"Mapped {/auth/login, POST} route","timestamp":"2025-05-04T12:03:09.688Z"}
{"context":"NestApplication","level":"info","message":"Nest application successfully started","timestamp":"2025-05-04T12:03:09.690Z"}
{"level":"info","message":"Application is running on: http://[::1]:3000","timestamp":"2025-05-04T12:03:09.693Z"}
{"level":"info","message":"Signup request received","timestamp":"2025-05-04T12:05:16.911Z"}
{"level":"info","message":"Signing up new user: yahyatai@hotmail.com","timestamp":"2025-05-04T12:05:16.912Z"}
{"level":"info","message":"Creating a new user with email: yahyatai@hotmail.com","timestamp":"2025-05-04T12:05:16.913Z"}
{"level":"info","message":"User created with ID: 681757fdd596ae0117f6ab76","timestamp":"2025-05-04T12:05:17.056Z"}
{"level":"info","message":"Signup request received","timestamp":"2025-05-04T12:07:15.326Z"}
{"level":"info","message":"Signing up new user: yahyatai@hotmail.com","timestamp":"2025-05-04T12:07:15.327Z"}
{"level":"info","message":"Creating a new user with email: yahyatai@hotmail.com","timestamp":"2025-05-04T12:07:15.328Z"}
{"level":"warn","message":"User with email yahyatai@hotmail.com already exists","timestamp":"2025-05-04T12:07:15.333Z"}
{"level":"info","message":"Signup request received","timestamp":"2025-05-04T12:07:21.295Z"}
{"level":"info","message":"Signing up new user: yahyatai1@hotmail.com","timestamp":"2025-05-04T12:07:21.296Z"}
{"level":"info","message":"Creating a new user with email: yahyatai1@hotmail.com","timestamp":"2025-05-04T12:07:21.296Z"}
{"level":"info","message":"User created with ID: 68175879d596ae0117f6ab7a","timestamp":"2025-05-04T12:07:21.370Z"}
{"level":"info","message":"Signup request received","timestamp":"2025-05-04T12:27:15.360Z"}
{"level":"info","message":"Signing up new user: yahyatai2@hotmail.com","timestamp":"2025-05-04T12:27:15.361Z"}
{"level":"info","message":"Creating a new user with email: yahyatai2@hotmail.com","timestamp":"2025-05-04T12:27:15.362Z"}
{"level":"info","message":"User created with ID: 68175d23d596ae0117f6ab7d","timestamp":"2025-05-04T12:27:15.446Z"}
{"context":"RoutesResolver","level":"info","message":"AuthController {/auth}:","timestamp":"2025-05-04T13:21:46.084Z"}
{"context":"RouterExplorer","level":"info","message":"Mapped {/auth/signup, POST} route","timestamp":"2025-05-04T13:21:46.089Z"}
{"context":"RouterExplorer","level":"info","message":"Mapped {/auth/login, POST} route","timestamp":"2025-05-04T13:21:46.090Z"}
{"context":"NestApplication","level":"info","message":"Nest application successfully started","timestamp":"2025-05-04T13:21:46.092Z"}
{"level":"info","message":"Application is running on: http://[::1]:3000","timestamp":"2025-05-04T13:21:46.095Z"}
{"level":"info","message":"Signup request received","timestamp":"2025-05-04T13:22:00.180Z"}
{"level":"info","message":"Signing up new user: yahyatai@hotmail.com","timestamp":"2025-05-04T13:22:00.182Z"}
{"level":"info","message":"Creating a new user with email: yahyatai@hotmail.com","timestamp":"2025-05-04T13:22:00.183Z"}
{"level":"info","message":"User created with ID: 681769f862dc9aeba929c2b5","timestamp":"2025-05-04T13:22:00.259Z"}
{"level":"info","message":"Validating user credentials for: yahyatai@hotmail.com","timestamp":"2025-05-04T13:22:14.677Z"}
{"level":"info","message":"Validating user: yahyatai@hotmail.com","timestamp":"2025-05-04T13:22:14.678Z"}
{"level":"warn","message":"Invalid password for user yahyatai@hotmail.com","timestamp":"2025-05-04T13:22:14.735Z"}
{"level":"warn","message":"Authentication failed for user: yahyatai@hotmail.com","timestamp":"2025-05-04T13:22:14.736Z"}
{"level":"error","message":"Authentication failed: Invalid credentials","timestamp":"2025-05-04T13:22:14.737Z","trace":"UnauthorizedException: Invalid credentials\n    at AuthService.validateUser (C:\\Users\\LENOVO\\Documents\\Easy Generator\\easy_generator_backend\\src\\auth\\auth.service.ts:24:13)\n    at LocalStrategy.validate (C:\\Users\\LENOVO\\Documents\\Easy Generator\\easy_generator_backend\\src\\auth\\strategies\\local.strategy.ts:21:20)\n    at async LocalStrategy.callback [as _verify] (C:\\Users\\LENOVO\\Documents\\Easy Generator\\easy_generator_backend\\node_modules\\@nestjs\\passport\\dist\\passport\\passport.strategy.js:11:44)"}
{"level":"info","message":"Validating user credentials for: yahyatai@hotmail.com","timestamp":"2025-05-04T13:22:20.048Z"}
{"level":"info","message":"Validating user: yahyatai@hotmail.com","timestamp":"2025-05-04T13:22:20.049Z"}
{"level":"info","message":"User yahyatai@hotmail.com validated successfully","timestamp":"2025-05-04T13:22:20.105Z"}
{"level":"info","message":"Login request received for: yahyatai@hotmail.com","timestamp":"2025-05-04T13:22:20.108Z"}
{"level":"info","message":"Generating JWT token for user: yahyatai@hotmail.com","timestamp":"2025-05-04T13:22:20.109Z"}
{"level":"info","message":"Validating user credentials for: yahyatai@hotmail.com","timestamp":"2025-05-04T13:23:27.054Z"}
{"level":"info","message":"Validating user: yahyatai@hotmail.com","timestamp":"2025-05-04T13:23:27.055Z"}
{"level":"warn","message":"Invalid password for user yahyatai@hotmail.com","timestamp":"2025-05-04T13:23:27.110Z"}
{"level":"warn","message":"Authentication failed for user: yahyatai@hotmail.com","timestamp":"2025-05-04T13:23:27.111Z"}
{"level":"error","message":"Authentication failed: Invalid credentials","timestamp":"2025-05-04T13:23:27.112Z","trace":"UnauthorizedException: Invalid credentials\n    at AuthService.validateUser (C:\\Users\\LENOVO\\Documents\\Easy Generator\\easy_generator_backend\\src\\auth\\auth.service.ts:24:13)\n    at LocalStrategy.validate (C:\\Users\\LENOVO\\Documents\\Easy Generator\\easy_generator_backend\\src\\auth\\strategies\\local.strategy.ts:21:20)\n    at async LocalStrategy.callback [as _verify] (C:\\Users\\LENOVO\\Documents\\Easy Generator\\easy_generator_backend\\node_modules\\@nestjs\\passport\\dist\\passport\\passport.strategy.js:11:44)"}
{"level":"info","message":"Validating user credentials for: yahyatai@hotmail.com","timestamp":"2025-05-04T13:23:31.631Z"}
{"level":"info","message":"Validating user: yahyatai@hotmail.com","timestamp":"2025-05-04T13:23:31.632Z"}
{"level":"warn","message":"Invalid password for user yahyatai@hotmail.com","timestamp":"2025-05-04T13:23:31.687Z"}
{"level":"warn","message":"Authentication failed for user: yahyatai@hotmail.com","timestamp":"2025-05-04T13:23:31.688Z"}
{"level":"error","message":"Authentication failed: Invalid credentials","timestamp":"2025-05-04T13:23:31.689Z","trace":"UnauthorizedException: Invalid credentials\n    at AuthService.validateUser (C:\\Users\\LENOVO\\Documents\\Easy Generator\\easy_generator_backend\\src\\auth\\auth.service.ts:24:13)\n    at LocalStrategy.validate (C:\\Users\\LENOVO\\Documents\\Easy Generator\\easy_generator_backend\\src\\auth\\strategies\\local.strategy.ts:21:20)\n    at async LocalStrategy.callback [as _verify] (C:\\Users\\LENOVO\\Documents\\Easy Generator\\easy_generator_backend\\node_modules\\@nestjs\\passport\\dist\\passport\\passport.strategy.js:11:44)"}
{"context":"RoutesResolver","level":"info","message":"AuthController {/auth}:","timestamp":"2025-05-04T15:02:04.656Z"}
{"context":"RouterExplorer","level":"info","message":"Mapped {/auth/signup, POST} route","timestamp":"2025-05-04T15:02:04.660Z"}
{"context":"RouterExplorer","level":"info","message":"Mapped {/auth/login, POST} route","timestamp":"2025-05-04T15:02:04.661Z"}
{"context":"NestApplication","level":"info","message":"Nest application successfully started","timestamp":"2025-05-04T15:02:04.663Z"}
{"level":"info","message":"Application is running on: http://[::1]:3000","timestamp":"2025-05-04T15:02:04.668Z"}
{"level":"info","message":"Signup request received","timestamp":"2025-05-04T15:03:15.838Z"}
{"level":"info","message":"Signing up new user: yahyatai@hotmail.com","timestamp":"2025-05-04T15:03:15.839Z"}
{"level":"info","message":"Creating a new user with email: yahyatai@hotmail.com","timestamp":"2025-05-04T15:03:15.843Z"}
{"level":"info","message":"User created with ID: 681781b3b776348af8cc244b","timestamp":"2025-05-04T15:03:15.925Z"}
